
Showing logs for build [32mcb-kubecd-environment-pr-1426-7-gqkpp-1[0m stage [32mfrom-build-pack[0m and container [32mstep-credential-initializer-fplkc[0m
{"level":"info","ts":1587476864.8326988,"logger":"fallback-logger","caller":"logging/config.go:69","msg":"Fetch GitHub commit ID from kodata failed: open /var/run/ko/refs/heads/0.8.0-ns-support: no such file or directory"}
{"level":"info","ts":1587476864.8332012,"logger":"fallback-logger","caller":"creds-init/main.go:40","msg":"Credentials initialized."}

Showing logs for build [32mcb-kubecd-environment-pr-1426-7-gqkpp-1[0m stage [32mfrom-build-pack[0m and container [32mstep-working-dir-initializer-7lc4c[0m
{"level":"info","ts":1587476866.169217,"logger":"fallback-logger","caller":"logging/config.go:69","msg":"Fetch GitHub commit ID from kodata failed: open /var/run/ko/HEAD: no such file or directory"}
{"level":"info","ts":1587476866.1740131,"logger":"fallback-logger","caller":"bash/main.go:64","msg":"Successfully executed command \"sh -c mkdir -p /workspace/source\"; output "}

Showing logs for build [32mcb-kubecd-environment-pr-1426-7-gqkpp-1[0m stage [32mfrom-build-pack[0m and container [32mstep-place-tools[0m

Showing logs for build [32mcb-kubecd-environment-pr-1426-7-gqkpp-1[0m stage [32mfrom-build-pack[0m and container [32mstep-git-source-cb-kubecd-environment-pr-1426-7-gqkpp-hgfgj[0m
{"level":"info","ts":1587476870.2826247,"logger":"fallback-logger","caller":"logging/config.go:69","msg":"Fetch GitHub commit ID from kodata failed: open /var/run/ko/refs/heads/0.8.0-ns-support: no such file or directory"}
{"level":"info","ts":1587476871.3137662,"logger":"fallback-logger","caller":"git/git.go:103","msg":"Successfully cloned https://github.com/cb-kubecd/environment-pr-1426-7-bdd-frontend-staging.git @ master in path /workspace/source"}

Showing logs for build [32mcb-kubecd-environment-pr-1426-7-gqkpp-1[0m stage [32mfrom-build-pack[0m and container [32mstep-git-merge[0m
Using SHAs from PULL_REFS=master:c6c9c5eb0a8ff3f70feff8a4d09cc5e4f603a1a7,1:f4e32a85e38be864c1c7f7403c0b82597e3987e2
DEBUG: LC_ALL=C JX_LOG_LEVEL=error git fetch origin --unshallow f4e32a85e38be864c1c7f7403c0b82597e3987e2: c6c9c5eb0a8ff3f70feff8a4d09cc5e4f603a1a7:
DEBUG: ran git fetch --unshallow origin f4e32a85e38be864c1c7f7403c0b82597e3987e2: c6c9c5eb0a8ff3f70feff8a4d09cc5e4f603a1a7: in 
DEBUG: LC_ALL=C JX_LOG_LEVEL=error git branch
DEBUG: LC_ALL=C JX_LOG_LEVEL=error git checkout master
DEBUG: ran git checkout master in 
DEBUG: LC_ALL=C JX_LOG_LEVEL=error git reset --hard c6c9c5eb0a8ff3f70feff8a4d09cc5e4f603a1a7
DEBUG: ran git reset --hard c6c9c5eb0a8ff3f70feff8a4d09cc5e4f603a1a7 in 
DEBUG: LC_ALL=C JX_LOG_LEVEL=error git clean -fd .
DEBUG: ran clean --force -d . in 
DEBUG: LC_ALL=C JX_LOG_LEVEL=error git merge f4e32a85e38be864c1c7f7403c0b82597e3987e2
DEBUG: ran git merge f4e32a85e38be864c1c7f7403c0b82597e3987e2 in 
DEBUG: LC_ALL=C JX_LOG_LEVEL=error git log --format=%H%x1f%an%x1f%ae%x1f%cn%x1f%ce%x1f%s%n%b%x1e c6c9c5eb0a8ff3f70feff8a4d09cc5e4f603a1a7..HEAD
Merged SHA f4e32a85e38be864c1c7f7403c0b82597e3987e2 with commit message 'chore: Promote bdd-nh-1587475878 to version 0.0.1' into base branch master

Showing logs for build [32mcb-kubecd-environment-pr-1426-7-gqkpp-1[0m stage [32mfrom-build-pack[0m and container [32mstep-build-helm-build[0m
WARNING: No $CHART_REPOSITORY defined so using the default value of: http://jenkins-x-chartmuseum:8080
Adding missing Helm repo: storage.googleapis.com https://storage.googleapis.com/chartmuseum.jenkins-x.io
WARNING: No secrets found on "helm/repos" due: reading the secret "helm/repos" from vault: no secret "helm/repos" not found in vault
Read credentials for https://storage.googleapis.com/chartmuseum.jenkins-x.io from vault helm/repos
Successfully added Helm repository storage.googleapis.com.
Adding missing Helm repo: jenkins-x-chartmuseum http://jenkins-x-chartmuseum:8080
WARNING: No secrets found on "helm/repos" due: reading the secret "helm/repos" from vault: no secret "helm/repos" not found in vault
Read credentials for http://jenkins-x-chartmuseum:8080 from vault helm/repos
Successfully added Helm repository jenkins-x-chartmuseum.
WARNING: No $CHART_REPOSITORY defined so using the default value of: http://jenkins-x-chartmuseum:8080
Adding missing Helm repo: chartmuseum.jenkins-x.io http://chartmuseum.jenkins-x.io
WARNING: No secrets found on "helm/repos" due: reading the secret "helm/repos" from vault: no secret "helm/repos" not found in vault
Read credentials for http://chartmuseum.jenkins-x.io from vault helm/repos
Successfully added Helm repository chartmuseum.jenkins-x.io.
